\BOOKMARK [1][-]{section.1}{\376\377\000R\000\351\000s\000o\000n\000a\000n\000c\000e\000\040\000M\000a\000g\000n\000\351\000t\000i\000q\000u\000e\000\040\000N\000u\000c\000l\000\351\000a\000i\000r\000e\000\040\000\050\000R\000M\000N\000\051}{}
\BOOKMARK [2][-]{subsection.1.1}{\376\377\000F\000o\000n\000c\000t\000i\000o\000n\000n\000e\000m\000e\000n\000t\000\040\000d\000'\000u\000n\000e\000\040\000R\000M\000N}{section.1}
\BOOKMARK [2][-]{subsection.1.2}{\376\377\000R\000M\000N\000\040\000d\000'\000u\000n\000e\000\040\000s\000o\000l\000u\000t\000i\000o\000n}{section.1}
\BOOKMARK [2][-]{subsection.1.3}{\376\377\000P\000r\000o\000b\000l\000\351\000m\000a\000t\000i\000q\000u\000e\000\040\000d\000'\000u\000n\000\040\000R\000M\000N\000\040\000d\000'\000u\000n\000\040\000s\000o\000l\000i\000d\000e}{section.1}
\BOOKMARK [2][-]{subsection.1.4}{\376\377\000S\000o\000l\000u\000t\000i\000o\000n\000s}{section.1}
\BOOKMARK [3][-]{subsubsection.1.4.1}{\376\377\000D\000\351\000c\000o\000u\000p\000l\000a\000g\000e\000\040\000d\000i\000p\000o\000l\000a\000i\000r\000e}{subsection.1.4}
\BOOKMARK [3][-]{subsubsection.1.4.2}{\376\377\000R\000o\000t\000a\000t\000i\000o\000n\000\040\000d\000e\000\040\000l\000'\000a\000n\000g\000l\000e\000\040\000m\000a\000g\000i\000q\000u\000e}{subsection.1.4}
\BOOKMARK [3][-]{subsubsection.1.4.3}{\376\377\000P\000o\000l\000a\000r\000i\000s\000a\000t\000i\000o\000n\000\040\000c\000r\000o\000i\000s\000\351\000e}{subsection.1.4}
\BOOKMARK [1][-]{section.2}{\376\377\000D\000i\000s\000p\000o\000s\000i\000t\000i\000f\000\040\000e\000x\000p\000\351\000r\000i\000m\000e\000n\000t\000a\000l}{}
\BOOKMARK [2][-]{subsection.2.1}{\376\377\000M\000o\000n\000t\000a\000g\000e\000\040\000e\000x\000p\000\351\000r\000i\000m\000e\000n\000t\000a\000l}{section.2}
\BOOKMARK [2][-]{subsection.2.2}{\376\377\000P\000r\000\351\000l\000i\000m\000i\000n\000a\000i\000r\000e}{section.2}
\BOOKMARK [2][-]{subsection.2.3}{\376\377\000I\000n\000f\000l\000u\000e\000n\000c\000e\000\040\000d\000e\000s\000\040\000p\000a\000r\000a\000m\000\350\000t\000r\000e\000s\000\040\000s\000u\000r\000\040\000l\000a\000\040\000m\000e\000s\000u\000r\000e}{section.2}
\BOOKMARK [3][-]{subsubsection.2.3.1}{\376\377\000N\000o\000m\000b\000r\000e\000\040\000d\000e\000\040\000s\000c\000a\000n\000s}{subsection.2.3}
\BOOKMARK [3][-]{subsubsection.2.3.2}{\376\377\000F\000r\000\351\000q\000u\000e\000n\000c\000e\000\040\000d\000e\000\040\000l\000a\000\040\000r\000o\000t\000a\000t\000i\000o\000n}{subsection.2.3}
\BOOKMARK [3][-]{subsubsection.2.3.3}{\376\377\000T\000e\000m\000p\000s\000\040\000d\000e\000\040\000c\000o\000n\000t\000a\000c\000t}{subsection.2.3}
\BOOKMARK [3][-]{subsubsection.2.3.4}{\376\377\000P\000u\000i\000s\000s\000a\000n\000c\000e\000\040\000d\000e\000s\000\040\000s\000i\000g\000n\000a\000u\000x}{subsection.2.3}
\BOOKMARK [1][-]{section.3}{\376\377\000G\000l\000y\000c\000e\000r\000i\000n\000e}{}
\BOOKMARK [2][-]{subsection.3.1}{\376\377\000R\000o\000t\000a\000t\000i\000o\000n\000\040\000d\000e\000\040\000l\000'\000a\000n\000g\000l\000e\000\040\000m\000a\000g\000i\000q\000u\000e}{section.3}
\BOOKMARK [2][-]{subsection.3.2}{\376\377\000T\000e\000m\000p\000s\000\040\000d\000e\000\040\000c\000o\000n\000t\000a\000c\000t}{section.3}
\BOOKMARK [2][-]{subsection.3.3}{\376\377\000P\000u\000i\000s\000s\000a\000n\000c\000e\000\040\000d\000e\000\040\000H\000a\000r\000t\000m\000a\000n\000-\000H\000a\000h\000n}{section.3}
\BOOKMARK [1][-]{section.4}{\376\377\000G\000r\000a\000i\000n\000e\000s\000\040\000d\000e\000\040\000s\000a\000l\000a\000d\000e}{}
\BOOKMARK [2][-]{subsection.4.1}{\376\377\000C\000o\000n\000d\000i\000t\000i\000o\000n\000\040\000l\000i\000q\000u\000i\000d\000e}{section.4}
\BOOKMARK [2][-]{subsection.4.2}{\376\377\000C\000P\000/\000M\000A\000S}{section.4}
\BOOKMARK [2][-]{subsection.4.3}{\376\377\000D\000E\000P\000T\000\040}{section.4}
\BOOKMARK [2][-]{subsection.4.4}{\376\377\000S\000p\000e\000c\000t\000r\000e\000\040\0002\000D}{section.4}
\BOOKMARK [2][-]{subsection.4.5}{\376\377\000C\000o\000n\000s\000l\000u\000s\000i\000o\000n}{section.4}
\BOOKMARK [1][-]{section.5}{\376\377\000C\000e\000l\000l\000u\000l\000o\000s\000e}{}
\BOOKMARK [2][-]{subsection.5.1}{\376\377\000S\000p\000e\000c\000t\000r\000e\000\040\000[\0001\0003\000]\000C}{section.5}
\BOOKMARK [2][-]{subsection.5.2}{\376\377\000S\000p\000e\000c\000t\000r\000e\000\040\000H}{section.5}
\BOOKMARK [2][-]{subsection.5.3}{\376\377\000S\000p\000i\000n\000-\000d\000i\000f\000f\000u\000s\000i\000o\000n}{section.5}
\BOOKMARK [2][-]{subsection.5.4}{\376\377\000I\000n\000a\000d\000e\000q\000u\000a\000t\000e}{section.5}
\BOOKMARK [2][-]{subsection.5.5}{\376\377\000H\000e\000t\000c\000o\000r\000e}{section.5}
\BOOKMARK [1][-]{section.6}{\376\377\000C\000o\000n\000c\000l\000u\000s\000i\000o\000n}{}
