

*******************************************************************************
Mon Dec 12 11:14:09 2011


FIT:    data read from 'temps.txt'
	y range restricted to [700000. : 2.00000e+06]
BREAK:          bad data on line 1 of datafile



*******************************************************************************
Mon Dec 12 11:14:40 2011


FIT:    data read from 'temps.txt'
	y range restricted to [700000. : 2.00000e+06]
BREAK:          bad data on line 1 of datafile



*******************************************************************************
Mon Dec 12 11:15:04 2011


FIT:    data read from 'temps.txt'
	y range restricted to [700000. : 2.00000e+06]
        #datapoints = 2
        residuals are weighted equally (unit weight)

function used for fitting: f(x)
fitted parameters initialized with current variable values

BREAK:          Number of data points smaller than number of parameters



*******************************************************************************
Mon Dec 12 11:15:49 2011


FIT:    data read from 'temps.txt' using 1:2
	y range restricted to [700000. : 2.00000e+06]
        #datapoints = 2
        residuals are weighted equally (unit weight)

function used for fitting: f(x)
fitted parameters initialized with current variable values

BREAK:          Number of data points smaller than number of parameters



*******************************************************************************
Mon Dec 12 11:16:18 2011


FIT:    data read from 'temps.txt' using 1:2
	y range restricted to [700000. : 2.00000e+06]
BREAK:          No data to fit 



*******************************************************************************
Mon Dec 12 11:17:19 2011


FIT:    data read from 'temps.txt' using 1:2
	y range restricted to [700000. : 2.00000e+06]
BREAK:          No data to fit 



*******************************************************************************
Mon Dec 12 11:18:04 2011


FIT:    data read from 'temps.txt' using 1:2
	y range restricted to [700000. : 2.00000e+06]
BREAK:          No data to fit 



*******************************************************************************
Mon Dec 12 11:20:27 2011


FIT:    data read from 'temps.txt' using 1:2
	y range restricted to [0.00000 : 2.00000]
        #datapoints = 2
        residuals are weighted equally (unit weight)

function used for fitting: f(x)
fitted parameters initialized with current variable values

BREAK:          Number of data points smaller than number of parameters



*******************************************************************************
Mon Dec 12 11:20:58 2011


FIT:    data read from 'temps.txt' using 1:2
	y range restricted to [0.00000 : 2.00000]
        #datapoints = 2
        residuals are weighted equally (unit weight)

function used for fitting: f(x)
fitted parameters initialized with current variable values

BREAK:          Number of data points smaller than number of parameters



*******************************************************************************
Mon Dec 12 11:21:27 2011


FIT:    data read from 'temps.txt' using 1:2
	y range restricted to [0.00000 : 2.00000]
        #datapoints = 2
        residuals are weighted equally (unit weight)

function used for fitting: f(x)
fitted parameters initialized with current variable values

BREAK:          Number of data points smaller than number of parameters



*******************************************************************************
Mon Dec 12 11:21:39 2011


FIT:    data read from 'temps.txt' using 1:2
	y range restricted to [0.00000 : 2.00000]
        #datapoints = 2
        residuals are weighted equally (unit weight)

function used for fitting: f(x)
fitted parameters initialized with current variable values

BREAK:          Number of data points smaller than number of parameters



*******************************************************************************
Mon Dec 12 11:21:50 2011


FIT:    data read from 'temps.txt' using 1:2
	y range restricted to [0.00000 : 2.00000]
        #datapoints = 2
        residuals are weighted equally (unit weight)

function used for fitting: f(x)
fitted parameters initialized with current variable values

BREAK:          Number of data points smaller than number of parameters



*******************************************************************************
Mon Dec 12 11:22:03 2011


FIT:    data read from 'temps.txt' using 1:2
	y range restricted to [0.00000 : 2.00000]
        #datapoints = 2
        residuals are weighted equally (unit weight)

function used for fitting: f(x)
fitted parameters initialized with current variable values

BREAK:          Number of data points smaller than number of parameters



*******************************************************************************
Mon Dec 12 11:23:17 2011


FIT:    data read from 'temps.txt' using 1:2
	y range restricted to [0.600000 : 3.00000]
        #datapoints = 8
        residuals are weighted equally (unit weight)

function used for fitting: f(x)
fitted parameters initialized with current variable values



 Iteration 0
 WSSR        : 2.35396e+17       delta(WSSR)/WSSR   : 0
 delta(WSSR) : 0                 limit for stopping : 1e-05
 lambda	  : 2.00309e+09

initial set of free parameter values

a               = 1
b               = 1
c               = 1

After 103 iterations the fit converged.
final sum of squares of residuals : 3.04721
rel. change during last iteration : -7.96357e-06

degrees of freedom    (FIT_NDF)                        : 5
rms of residuals      (FIT_STDFIT) = sqrt(WSSR/ndf)    : 0.780668
variance of residuals (reduced chisquare) = WSSR/ndf   : 0.609442

Final set of parameters            Asymptotic Standard Error
=======================            ==========================

a               = 0.00186456       +/- 2.64         (1.416e+05%)
b               = 2.20339          +/- 0.3945       (17.9%)
c               = -0.00313006      +/- 1.268        (4.052e+04%)


correlation matrix of the fit parameters:

               a      b      c      
a               1.000 
b               0.414  1.000 
c              -1.000 -0.422  1.000 


*******************************************************************************
Mon Dec 12 11:24:21 2011


FIT:    data read from 'temps.txt' using 1:2
	y range restricted to [0.600000 : 3.00000]
        #datapoints = 8
        residuals are weighted equally (unit weight)

function used for fitting: f(x)
fitted parameters initialized with current variable values



 Iteration 0
 WSSR        : 1.10127e+06       delta(WSSR)/WSSR   : 0
 delta(WSSR) : 0                 limit for stopping : 1e-05
 lambda	  : 1547.3

initial set of free parameter values

a               = 0.00186456
b               = 2.20339
c               = -0.00313006
d               = 1

After 6 iterations the fit converged.
final sum of squares of residuals : 1.92587
rel. change during last iteration : -3.24896e-06

degrees of freedom    (FIT_NDF)                        : 4
rms of residuals      (FIT_STDFIT) = sqrt(WSSR/ndf)    : 0.693878
variance of residuals (reduced chisquare) = WSSR/ndf   : 0.481467

Final set of parameters            Asymptotic Standard Error
=======================            ==========================

a               = 0.00214469       +/- 0.001716     (79.99%)
b               = -0.0730499       +/- 0.05377      (73.61%)
c               = 0.612277         +/- 0.4232       (69.12%)
d               = 1.80532          +/- 0.4147       (22.97%)


correlation matrix of the fit parameters:

               a      b      c      d      
a               1.000 
b              -0.990  1.000 
c               0.944 -0.979  1.000 
d              -0.537  0.580 -0.658  1.000 


*******************************************************************************
Mon Dec 12 11:25:05 2011


FIT:    data read from 'temps.txt' using 1:2
	y range restricted to [0.600000 : 3.00000]
        #datapoints = 8
        residuals are weighted equally (unit weight)

function used for fitting: f(x)
fitted parameters initialized with current variable values



 Iteration 0
 WSSR        : 353.299           delta(WSSR)/WSSR   : 0
 delta(WSSR) : 0                 limit for stopping : 1e-05
 lambda	  : 96.0426

initial set of free parameter values

b               = -0.0730499
c               = 0.612277
d               = 1.80532

After 5 iterations the fit converged.
final sum of squares of residuals : 2.67834
rel. change during last iteration : -4.63686e-08

degrees of freedom    (FIT_NDF)                        : 5
rms of residuals      (FIT_STDFIT) = sqrt(WSSR/ndf)    : 0.731893
variance of residuals (reduced chisquare) = WSSR/ndf   : 0.535668

Final set of parameters            Asymptotic Standard Error
=======================            ==========================

b               = -0.00647288      +/- 0.007817     (120.8%)
c               = 0.112714         +/- 0.1471       (130.5%)
d               = 2.08348          +/- 0.3691       (17.72%)


correlation matrix of the fit parameters:

               b      c      d      
b               1.000 
c              -0.971  1.000 
d               0.418 -0.544  1.000 


*******************************************************************************
Mon Dec 12 11:25:47 2011


FIT:    data read from 'temps.txt' using 1:2
	x range restricted to [0.00000 : 25.0000]
	y range restricted to [0.500000 : 3.00000]
        #datapoints = 8
        residuals are weighted equally (unit weight)

function used for fitting: f(x)
fitted parameters initialized with current variable values



 Iteration 0
 WSSR        : 2.67834           delta(WSSR)/WSSR   : 0
 delta(WSSR) : 0                 limit for stopping : 1e-05
 lambda	  : 96.0426

initial set of free parameter values

b               = -0.00647288
c               = 0.112714
d               = 2.08348

After 1 iterations the fit converged.
final sum of squares of residuals : 2.67834
rel. change during last iteration : -1.65808e-16

degrees of freedom    (FIT_NDF)                        : 5
rms of residuals      (FIT_STDFIT) = sqrt(WSSR/ndf)    : 0.731893
variance of residuals (reduced chisquare) = WSSR/ndf   : 0.535668

Final set of parameters            Asymptotic Standard Error
=======================            ==========================

b               = -0.00647288      +/- 0.007817     (120.8%)
c               = 0.112714         +/- 0.1471       (130.5%)
d               = 2.08348          +/- 0.3691       (17.72%)


correlation matrix of the fit parameters:

               b      c      d      
b               1.000 
c              -0.971  1.000 
d               0.418 -0.544  1.000 


*******************************************************************************
Mon Dec 12 11:25:58 2011


FIT:    data read from 'temps.txt' using 1:2
	x range restricted to [0.00000 : 25.0000]
	y range restricted to [0.500000 : 3.00000]
        #datapoints = 8
        residuals are weighted equally (unit weight)

function used for fitting: f(x)
fitted parameters initialized with current variable values



 Iteration 0
 WSSR        : 2.67834           delta(WSSR)/WSSR   : 0
 delta(WSSR) : 0                 limit for stopping : 1e-05
 lambda	  : 96.0426

initial set of free parameter values

b               = -0.00647288
c               = 0.112714
d               = 2.08348

After 1 iterations the fit converged.
final sum of squares of residuals : 2.67834
rel. change during last iteration : 0

degrees of freedom    (FIT_NDF)                        : 5
rms of residuals      (FIT_STDFIT) = sqrt(WSSR/ndf)    : 0.731893
variance of residuals (reduced chisquare) = WSSR/ndf   : 0.535668

Final set of parameters            Asymptotic Standard Error
=======================            ==========================

b               = -0.00647288      +/- 0.007817     (120.8%)
c               = 0.112714         +/- 0.1471       (130.5%)
d               = 2.08348          +/- 0.3691       (17.72%)


correlation matrix of the fit parameters:

               b      c      d      
b               1.000 
c              -0.971  1.000 
d               0.418 -0.544  1.000 


*******************************************************************************
Mon Dec 12 11:26:42 2011


FIT:    data read from 'temps.txt' using 1:2
	x range restricted to [0.00000 : 20.0000]
	y range restricted to [0.500000 : 3.00000]
        #datapoints = 8
        residuals are weighted equally (unit weight)

function used for fitting: f(x)
fitted parameters initialized with current variable values



 Iteration 0
 WSSR        : 2.67834           delta(WSSR)/WSSR   : 0
 delta(WSSR) : 0                 limit for stopping : 1e-05
 lambda	  : 96.0426

initial set of free parameter values

b               = -0.00647288
c               = 0.112714
d               = 2.08348

After 1 iterations the fit converged.
final sum of squares of residuals : 2.67834
rel. change during last iteration : 0

degrees of freedom    (FIT_NDF)                        : 5
rms of residuals      (FIT_STDFIT) = sqrt(WSSR/ndf)    : 0.731893
variance of residuals (reduced chisquare) = WSSR/ndf   : 0.535668

Final set of parameters            Asymptotic Standard Error
=======================            ==========================

b               = -0.00647288      +/- 0.007817     (120.8%)
c               = 0.112714         +/- 0.1471       (130.5%)
d               = 2.08348          +/- 0.3691       (17.72%)


correlation matrix of the fit parameters:

               b      c      d      
b               1.000 
c              -0.971  1.000 
d               0.418 -0.544  1.000 


*******************************************************************************
Mon Dec 12 11:27:26 2011


FIT:    data read from 'temps.txt' using 1:2
	x range restricted to [0.00000 : 20.0000]
	y range restricted to [0.500000 : 3.00000]
        #datapoints = 8
        residuals are weighted equally (unit weight)

function used for fitting: f(x)
fitted parameters initialized with current variable values



 Iteration 0
 WSSR        : 1.19579e+13       delta(WSSR)/WSSR   : 0
 delta(WSSR) : 0                 limit for stopping : 1e-05
 lambda	  : 475548

initial set of free parameter values

a               = 0.00214469
b               = -0.00647288
c               = 0.112714
d               = 2.08348
e               = 1
f               = 1

After 10 iterations the fit converged.
final sum of squares of residuals : 0.719409
rel. change during last iteration : -3.82669e-11

degrees of freedom    (FIT_NDF)                        : 2
rms of residuals      (FIT_STDFIT) = sqrt(WSSR/ndf)    : 0.599754
variance of residuals (reduced chisquare) = WSSR/ndf   : 0.359705

Final set of parameters            Asymptotic Standard Error
=======================            ==========================

a               = 0.288575         +/- 0.1999       (69.26%)
b               = -1.79164         +/- 1.152        (64.31%)
c               = 3.27823          +/- 1.657        (50.53%)
d               = 1.25151          +/- 0.4698       (37.54%)
e               = -0.0178534       +/- 0.01277      (71.53%)
f               = 0.0003749        +/- 0.0002729    (72.78%)


correlation matrix of the fit parameters:

               a      b      c      d      e      f      
a               1.000 
b              -0.998  1.000 
c               0.953 -0.969  1.000 
d              -0.544  0.577 -0.702  1.000 
e              -1.000  0.996 -0.944  0.530  1.000 
f               0.999 -0.994  0.939 -0.522 -1.000  1.000 
